2.606184383E9 
2.617429045E9 
2.541235738E9 
2.606223017E9 
2.615406848E9 
2.589226314E9 
2.610345083E9 
2.612020392E9 
2.57607708E9 
2.61955673E9 
2.601883134E9 
2.55553961E9 
2.615049447E9 
2.586181457E9 
1.855859204E9 
2.612415458E9 
2.584918444E9 
2.556468519E9 
2.620143624E9 
2.608520759E9 
2.550463174E9 
2.545822086E9 
2.591057381E9 
2.611777496E9 
2.553065553E9 
2.608551251E9 
2.617275307E9 
2.541127829E9 
2.609033954E9 
2.228129536E9 
2.615503924E9 
2.615892628E9 
2.560523316E9 
2.603740341E9 
2.61154677E9 
2.583284663E9 
2.589924337E9 
2.554771214E9 
2.609692132E9 
2.614225076E9 
2.558709194E9 
2.591879129E9 
2.610711664E9 
2.51330505E9 
2.612007578E9 
2.193124443E9 
2.487089696E9 
2.505143663E9 
2.611353231E9 
2.231915079E9 
1.855233643E9 
2.551589035E9 
2.491526097E9 
2.617496766E9 
2.562959468E9 
2.613046048E9 
2.617101256E9 
2.604963206E9 
2.540575E9 
2.199146836E9 
2.617981938E9 
2.614161584E9 
2.542938507E9 
2.577149032E9 
2.551956543E9 
2.548685883E9 
2.608861592E9 
2.608461881E9 
2.553004008E9 
2.620143624E9 
2.200119868E9 
2.550797823E9 
2.617532568E9 
2.578856336E9 
1.856656132E9 
2.51330505E9 
2.551994044E9 
2.613495227E9 
2.613139846E9 
2.615285622E9 
2.604296152E9 
2.613197426E9 
2.585424246E9 
2.613926538E9 
2.214793215E9 
2.615220676E9 
2.610337905E9 
2.585748784E9 
2.611469668E9 
2.552691813E9 
2.470673205E9 
2.581881235E9 
2.586721504E9 
2.60619839E9 
2.225870337E9 
2.616363355E9 
2.581633798E9 
2.501475291E9 
2.567126345E9 
2.500308788E9 
2.607021136E9 
2.198512282E9 
2.612408026E9 
2.554477951E9 
2.499363682E9 
2.198575477E9 
2.589649469E9 
2.58289955E9 
2.571461089E9 
2.544579918E9 
2.550806805E9 
2.57102084E9 
2.605563407E9 
2.583693633E9 
2.617866582E9 
2.609501446E9 
2.616706268E9 
2.588095226E9 
2.581656612E9 
2.555378299E9 
2.609033954E9 
2.174510751E9 
2.61020531E9 
2.609956505E9 
2.585433418E9 
2.616857959E9 
2.604939918E9 
2.554235163E9 
2.587433405E9 
2.565627123E9 
2.603786746E9 
2.589882274E9 
2.607285128E9 
2.582747485E9 
2.482390252E9 
2.21494507E9 
2.54458142E9 
2.588348572E9 
2.58281173E9 
2.615342253E9 
2.575025436E9 
2.58295575E9 
2.527384028E9 
2.227435933E9 
2.562418415E9 
2.581002867E9 
2.60994916E9 
2.558212707E9 
2.558925662E9 
2.131508154E9 
2.555099561E9 
2.612046139E9 
2.580016802E9 
2.613926538E9 
2.612892859E9 
2.614232656E9 
2.566231809E9 
2.230026517E9 
2.615747839E9 
2.607522589E9 
2.474699042E9 
2.527527091E9 
2.58541435E9 
2.61511182E9 
2.576880848E9 
2.605069645E9 
2.143123579E9 
2.550639436E9 
2.615987693E9 
2.609091667E9 
2.608672118E9 
2.548704942E9 
2.504221968E9 
2.608419495E9 
2.604106708E9 
2.478118369E9 
2.612296046E9 
2.620038796E9 
2.61753206E9 
2.6031549E9 
2.523036321E9 
2.60791656E9 
2.562484638E9 
2.556616264E9 
2.502035465E9 
2.612841016E9 
2.590036998E9 
2.617294079E9 
2.610394276E9 
2.588732729E9 
2.585749268E9 
2.585675607E9 
2.577298384E9 
2.569091515E9 
2.581858846E9 
2.562418415E9 
2.621061164E9 
2.61294808E9 
2.584702963E9 
2.550408261E9 
2.521711243E9 
2.227468761E9 
2.580849462E9 
2.550225207E9 
2.617926557E9 
2.559970555E9 
2.58289715E9 
2.599699282E9 
2.590167714E9 
2.614161584E9 
2.610957813E9 
2.222906246E9 
2.606596398E9 
2.577230446E9 
2.580105357E9 
2.613673697E9 
2.614999694E9 
2.585528371E9 
2.60338798E9 
2.575965485E9 
2.522058643E9 
2.579957568E9 
2.5816746E9 
2.555126016E9 
2.5854861E9 
2.61508256E9 
2.612197584E9 
2.530399165E9 
2.233445985E9 
2.578625634E9 
2.615987237E9 
2.603583203E9 
2.482390252E9 
2.60980898E9 
2.613908269E9 
2.609692132E9 
2.602355402E9 
2.537425159E9 
2.553975074E9 
2.558036994E9 
2.583584267E9 
2.571461089E9 
2.617926557E9 
2.586966237E9 
2.603697426E9 
2.574271153E9 
2.586502697E9 
2.617466398E9 
2.611208005E9 
2.200413733E9 
2.608551251E9 
2.611695416E9 
2.612821623E9 
2.579269797E9 
2.604106708E9 
2.589342369E9 
2.549896493E9 
2.606839984E9 
2.613181832E9 
2.557598653E9 
2.611937387E9 
2.613580599E9 
2.557952984E9 
2.609033954E9 
2.228596453E9 
2.513159957E9 
2.56162656E9 
2.164329137E9 
2.560196585E9 
2.607554213E9 
2.585597239E9 
2.559353797E9 
2.616904494E9 
2.587757233E9 
2.617682061E9 
2.519284084E9 
2.579914697E9 
2.583692882E9 
2.609462041E9 
2.580826496E9 
2.618218712E9 
2.613996834E9 
2.556597819E9 
2.610043484E9 
2.541148238E9 
2.615640015E9 
2.614953493E9 
2.562418415E9 
2.577212942E9 
2.520936009E9 
2.555578513E9 
2.602918926E9 
2.589517765E9 
2.616687942E9 
2.609598301E9 
2.608243758E9 
2.523237074E9 
2.614863271E9 
2.111286281E9 
2.614818714E9 
2.573289412E9 
2.618571808E9 
2.482390252E9 
2.583913831E9 
2.579606153E9 
2.610428077E9 
2.604106235E9 
2.614152186E9 
2.613033731E9 
2.587155544E9 
2.608419495E9 
2.549896493E9 
2.482390252E9 
2.612165359E9 
2.613554281E9 
2.226457459E9 
2.568117215E9 
2.56777766E9 
2.618584169E9 
2.221845852E9 
2.61319662E9 
2.608861592E9 
2.611404055E9 
2.56268024E9 
2.557571127E9 
2.55139817E9 
2.615248932E9 
2.612020392E9 
2.574271153E9 
2.561220311E9 
2.613996834E9 
2.619041804E9 
2.608461881E9 
2.617843402E9 
2.619162592E9 
2.514895375E9 
2.571461089E9 
2.616722162E9 
2.558173185E9 
2.228164514E9 
2.609692132E9 
2.612682944E9 
2.617429045E9 
2.582104772E9 
2.562418415E9 
2.590104467E9 
2.556616264E9 
2.551896165E9 
2.613495227E9 
2.41408249E9 
2.591057381E9 
2.143123579E9 
2.582326118E9 
2.525795228E9 
2.568117215E9 
2.606510783E9 
2.617981938E9 
2.610886152E9 
2.617923889E9 
2.614354471E9 
2.615872498E9 
2.455366247E9 
2.550025377E9 
2.613746662E9 
2.582771964E9 
2.581881235E9 
2.541698962E9 
2.615881059E9 
2.610936294E9 
2.611205459E9 
2.585298773E9 
2.512267915E9 
2.615285622E9 
2.583252112E9 
2.599699282E9 
2.590522565E9 
2.607392412E9 
2.554383918E9 
2.579646753E9 
2.55818347E9 
2.490563965E9 
2.61583962E9 
2.561096742E9 
2.23271658E9 
2.502011375E9 
2.539107354E9 
2.547227756E9 
2.214793215E9 
2.575025436E9 
2.57245925E9 
2.605897018E9 
2.616993668E9 
2.551080303E9 
2.39872525E9 
2.588667654E9 
2.576498642E9 
2.588359829E9 
2.610322918E9 
2.613836081E9 
2.620038796E9 
2.600738425E9 
2.580168166E9 
2.558127657E9 
2.552902612E9 
2.604228295E9 
2.588667654E9 
2.547707659E9 
2.577100936E9 
2.198512282E9 
2.553817892E9 
2.556229216E9 
2.586721504E9 
2.586540452E9 
2.612020392E9 
2.61322743E9 
2.61571621E9 
2.615987693E9 
2.581549054E9 
2.591879129E9 
2.611739003E9 
2.61720187E9 
2.549395304E9 
2.609222178E9 
2.552806048E9 
2.552839E9 
2.612851259E9 
2.609485024E9 
2.612020392E9 
2.202486102E9 
2.41408249E9 
2.609645576E9 
2.613441234E9 
2.605285362E9 
2.611368435E9 
2.552293083E9 
2.614576772E9 
2.231348947E9 
2.610711664E9 
2.584101069E9 
1.856656132E9 
2.60992452E9 
2.587438166E9 
2.509756787E9 
2.585116947E9 
1.835781572E9 
2.454303933E9 
2.616068982E9 
2.614643643E9 
2.541079312E9 
2.554259174E9 
2.192946375E9 
2.581481031E9 
2.615285622E9 
2.61020531E9 
2.613858263E9 
2.554724235E9 
2.586134245E9 
2.619403541E9 
2.586502697E9 
2.58078233E9 
2.61508256E9 
2.581633798E9 
2.618242165E9 
2.609600967E9 
2.61960824E9 
2.617544367E9 
2.126214081E9 
2.587460371E9 
2.489089354E9 
2.182358586E9 
2.555595999E9 
2.549227546E9 
2.610564921E9 
2.603786746E9 
2.604357533E9 
2.617879853E9 
1.837106491E9 
2.552902612E9 
2.586559535E9 
2.613566224E9 
2.578604917E9 
2.599699282E9 
2.551589035E9 
2.582933628E9 
2.556604159E9 
2.601886071E9 
2.173919359E9 
2.610456565E9 
2.609692132E9 
2.617429045E9 
2.505724568E9 
2.61787856E9 
2.615285622E9 
2.108866161E9 
2.218940043E9 
2.603500159E9 
2.193775594E9 
2.520086031E9 
2.551956543E9 
2.549877274E9 
