2.615416517E9 
2.583600886E9 
2.619150872E9 
2.58790408E9 
2.504677358E9 
2.616406867E9 
2.51866586E9 
2.617863289E9 
2.613458931E9 
2.60889144E9 
2.61036947E9 
2.586921004E9 
2.542533954E9 
2.575425065E9 
2.612747722E9 
2.576216032E9 
2.620125647E9 
2.589039847E9 
2.609648528E9 
2.516486953E9 
2.609466732E9 
2.574436482E9 
2.154408907E9 
2.603419264E9 
1.841146391E9 
2.614433931E9 
2.171565023E9 
1.79688005E9 
2.617506504E9 
2.607916851E9 
2.585231196E9 
2.518387944E9 
2.617833601E9 
2.575652182E9 
2.618483651E9 
2.618483651E9 
2.619007526E9 
2.612253849E9 
2.608514262E9 
2.579794895E9 
2.61300461E9 
2.619150872E9 
2.613494088E9 
2.599201647E9 
2.582760953E9 
2.611378624E9 
2.611622744E9 
2.613802323E9 
2.60609526E9 
2.617839225E9 
2.605641679E9 
2.599261175E9 
2.524183116E9 
2.603318215E9 
2.612916935E9 
2.579778738E9 
2.61619651E9 
2.556561708E9 
2.2274221E9 
2.605154639E9 
2.612920974E9 
2.581803417E9 
2.585604077E9 
2.531945985E9 
2.615254783E9 
2.562482882E9 
2.615000659E9 
1.449886443E9 
2.516344829E9 
2.525536807E9 
2.500973043E9 
2.199442693E9 
2.57773356E9 
2.199861087E9 
2.618628256E9 
2.199538524E9 
2.504088428E9 
2.582018969E9 
2.614195254E9 
2.583399311E9 
2.61114758E9 
2.60338819E9 
2.586784741E9 
2.619299752E9 
2.556369888E9 
2.581087225E9 
2.549069165E9 
2.613632537E9 
2.60510905E9 
2.577841817E9 
2.618009714E9 
2.583247579E9 
2.612842862E9 
2.600692632E9 
2.520664116E9 
2.613407235E9 
2.571994042E9 
2.606470693E9 
2.610363555E9 
2.615460235E9 
2.583275968E9 
2.613830119E9 
2.621691797E9 
2.583749919E9 
2.581862763E9 
2.613002861E9 
2.585109354E9 
2.617616576E9 
2.618061611E9 
2.599201647E9 
2.612842862E9 
2.585116947E9 
2.219805153E9 
2.603016534E9 
2.611662429E9 
2.566996935E9 
2.615351438E9 
2.573746391E9 
2.613120269E9 
2.614166086E9 
2.60804093E9 
2.611976357E9 
2.586550688E9 
2.619079196E9 
2.609252745E9 
2.584528118E9 
2.61461655E9 
2.529913376E9 
2.612132485E9 
2.616232758E9 
2.5878438E9 
2.613448948E9 
2.614845558E9 
2.61062242E9 
2.615739643E9 
2.584622142E9 
2.486143637E9 
2.616311677E9 
2.161760555E9 
2.615229811E9 
2.619906164E9 
2.619170565E9 
2.579955473E9 
2.613166575E9 
2.598927696E9 
2.612851259E9 
2.61470109E9 
2.555753961E9 
2.609041425E9 
2.496165618E9 
2.573694228E9 
2.611425205E9 
2.612795985E9 
2.616341743E9 
2.195305292E9 
2.618483651E9 
2.622203167E9 
2.612925002E9 
2.479701107E9 
2.606000332E9 
2.614976731E9 
2.51546074E9 
2.515256366E9 
2.568117215E9 
2.581434757E9 
2.594987685E9 
2.545711015E9 
2.19587815E9 
2.610232411E9 
2.619153386E9 
2.618303484E9 
2.603493183E9 
2.585640349E9 
2.618284158E9 
2.622112754E9 
2.616248078E9 
2.612339595E9 
2.552206824E9 
2.585704351E9 
2.202109788E9 
2.551464056E9 
2.582113327E9 
2.608435207E9 
2.589139726E9 
2.570114088E9 
2.228256167E9 
2.617872076E9 
2.556851736E9 
2.522520068E9 
2.557610083E9 
2.585087509E9 
2.613566332E9 
2.607554167E9 
2.547555859E9 
2.583590795E9 
2.618251103E9 
2.544643506E9 
2.584153293E9 
2.563572964E9 
2.616206982E9 
2.608887827E9 
2.58641607E9 
2.617394158E9 
2.58266659E9 
2.601562369E9 
2.526288085E9 
2.615476022E9 
2.572058757E9 
2.226260471E9 
2.546836335E9 
2.607184428E9 
2.586582275E9 
2.617237422E9 
2.606463752E9 
1.814906466E9 
2.618068288E9 
2.581071809E9 
2.616579755E9 
2.604095734E9 
2.61507304E9 
2.61830732E9 
2.613166575E9 
2.609682325E9 
2.616605125E9 
2.603229284E9 
2.612020392E9 
2.616727872E9 
2.166619532E9 
2.586606076E9 
2.58212408E9 
2.615399095E9 
2.555101705E9 
2.612930592E9 
2.611703743E9 
2.148242891E9 
2.611685365E9 
2.552748338E9 
2.605783628E9 
2.618547847E9 
2.586377778E9 
2.612047121E9 
2.61592042E9 
2.588403412E9 
2.615932094E9 
2.581767483E9 
2.607565984E9 
2.559552561E9 
2.17111219E9 
2.583600886E9 
2.161760242E9 
2.620798393E9 
2.611441948E9 
2.612925002E9 
2.599070383E9 
2.564099455E9 
2.614736715E9 
2.560674527E9 
2.584756742E9 
2.614845558E9 
2.548715553E9 
2.615974694E9 
2.551971193E9 
2.611665787E9 
2.549648266E9 
2.618680194E9 
2.617735409E9 
2.615217027E9 
2.584358182E9 
2.616817815E9 
2.613341935E9 
2.611555215E9 
2.609521508E9 
2.504487991E9 
2.521839655E9 
2.578883024E9 
2.612932777E9 
2.60545612E9 
2.613481139E9 
2.61582206E9 
2.549311952E9 
2.605459924E9 
2.618483651E9 
2.614732912E9 
2.614461637E9 
2.610451714E9 
2.572854508E9 
2.191650469E9 
2.587086205E9 
2.613689037E9 
2.619170565E9 
2.616339806E9 
2.614426801E9 
2.618703128E9 
1.855289326E9 
2.619415488E9 
2.525471796E9 
2.555562505E9 
2.612060529E9 
2.619253305E9 
2.606781684E9 
2.611160436E9 
2.609179701E9 
2.613830119E9 
2.617324371E9 
2.575377562E9 
2.616101969E9 
2.612590707E9 
2.543753034E9 
2.596930609E9 
2.588403412E9 
2.536355811E9 
2.605641679E9 
2.532186353E9 
2.607427853E9 
2.615764011E9 
2.554694612E9 
2.611823403E9 
2.611437393E9 
2.56906249E9 
2.50994714E9 
2.613830119E9 
2.583908023E9 
2.601938199E9 
2.562907462E9 
2.52871068E9 
2.579514536E9 
2.62090761E9 
2.611477801E9 
2.583936054E9 
2.586882646E9 
2.615777861E9 
2.612822871E9 
2.216927823E9 
2.470845376E9 
2.611873311E9 
2.619542655E9 
2.618425688E9 
2.619808696E9 
2.614559267E9 
2.597390083E9 
2.583247579E9 
2.585540316E9 
2.580032658E9 
2.583462233E9 
2.619170565E9 
2.549852995E9 
2.612070913E9 
2.618046408E9 
2.589915558E9 
2.615136603E9 
2.620030874E9 
2.48800104E9 
2.618168083E9 
2.498572721E9 
2.619543979E9 
2.60358858E9 
2.617998688E9 
2.583081107E9 
2.561316543E9 
2.616068982E9 
2.604785822E9 
2.560243882E9 
2.618914922E9 
2.5569987E9 
2.607900351E9 
2.19363839E9 
2.615961081E9 
2.609873496E9 
2.609138978E9 
2.617150602E9 
2.418125664E9 
2.60357801E9 
2.570195304E9 
2.615135076E9 
2.620106663E9 
2.607773582E9 
2.611350564E9 
2.611910449E9 
2.591985911E9 
2.614092089E9 
2.588476506E9 
2.615452867E9 
2.556002231E9 
2.6183422E9 
2.61830732E9 
2.547498261E9 
2.583990349E9 
2.610475415E9 
2.612918814E9 
2.545823954E9 
2.612172939E9 
2.6135158E9 
2.601980243E9 
2.616424562E9 
2.612814391E9 
2.609031878E9 
2.611350477E9 
2.617872076E9 
2.617237422E9 
2.589908329E9 
2.583749919E9 
2.617241872E9 
2.209509294E9 
2.522695754E9 
2.525442729E9 
2.618543464E9 
2.620077035E9 
2.616010702E9 
2.614268051E9 
2.19136864E9 
2.570051928E9 
2.207747347E9 
2.547711033E9 
2.615641946E9 
2.144069979E9 
2.613692686E9 
2.613784381E9 
2.604035406E9 
2.583194833E9 
2.581621202E9 
2.614186194E9 
2.552394145E9 
2.618176943E9 
2.472497436E9 
2.618483651E9 
2.495025617E9 
2.610633824E9 
2.614760526E9 
2.617839225E9 
2.586503033E9 
2.608472654E9 
2.612440581E9 
2.614130927E9 
2.551255873E9 
2.618483651E9 
2.583948696E9 
2.612850059E9 
2.534969572E9 
2.615775772E9 
2.500153422E9 
2.170669759E9 
2.620955118E9 
2.609682325E9 
2.612536773E9 
2.607166613E9 
2.581741173E9 
2.617582511E9 
2.611044505E9 
2.584773543E9 
2.584563896E9 
2.606824168E9 
2.518003113E9 
2.58899365E9 
2.60766626E9 
2.580870416E9 
2.213745831E9 
2.614358134E9 
2.614055173E9 
2.575464402E9 
2.550911692E9 
2.611063649E9 
2.590682672E9 
2.613692996E9 
2.581877423E9 
2.55567629E9 
2.517354201E9 
2.613140753E9 
2.545593134E9 
2.619459807E9 
2.556242252E9 
2.581434757E9 
2.549311952E9 
2.606244972E9 
2.609259613E9 
2.614268051E9 
2.586172105E9 
2.524085065E9 
1.796955287E9 
2.618483651E9 
2.563320874E9 
2.589745115E9 
2.614061789E9 
2.616895238E9 
2.618483651E9 
2.212125853E9 
2.539064679E9 
2.612853794E9 
2.615293754E9 
2.548188913E9 
2.613830119E9 
2.614001539E9 
2.496325586E9 
2.614747697E9 
2.60914203E9 
2.612413084E9 
2.566032377E9 
2.58649889E9 
2.615510795E9 
2.611766372E9 
2.612387041E9 
