2.582157192E9 
2.584494943E9 
2.155316599E9 
2.557976084E9 
2.517732679E9 
2.578477125E9 
1.797893735E9 
2.154721674E9 
2.530738594E9 
1.783467004E9 
1.824689805E9 
2.22761993E9 
6.85712121E8 
2.227092952E9 
2.225619256E9 
2.547832029E9 
1.724121845E9 
2.492058549E9 
2.581805803E9 
1.428177031E9 
1.855668856E9 
2.58714654E9 
1.071361963E9 
2.616016394E9 
2.545895952E9 
2.523696586E9 
2.489949292E9 
1.811008276E9 
1.480143941E9 
1.839100696E9 
2.604744363E9 
1.852775376E9 
1.751111158E9 
1.839165609E9 
2.553818748E9 
2.575303167E9 
1.829341052E9 
2.52754796E9 
2.560054E9 
1.817002435E9 
2.583551575E9 
2.152499831E9 
2.1696261E9 
1.837483821E9 
2.229557065E9 
2.583031203E9 
1.825776966E9 
2.226096694E9 
2.615537108E9 
2.552404105E9 
0.0 
1.811842686E9 
2.448017536E9 
2.616781024E9 
2.192897366E9 
2.609489189E9 
2.618251509E9 
2.189356871E9 
2.140168689E9 
2.554643204E9 
1.85275754E9 
1.859308375E9 
2.578636269E9 
1.80704089E9 
2.138302436E9 
2.512119257E9 
2.188290114E9 
1.023916691E9 
2.180438229E9 
2.151094651E9 
2.554312129E9 
2.105113095E9 
2.58375469E9 
2.193579082E9 
2.12603772E9 
2.474597477E9 
2.587759984E9 
2.607065642E9 
2.195545011E9 
2.618985219E9 
2.183678287E9 
2.60728521E9 
2.193946249E9 
2.604645904E9 
1.057296398E9 
2.6081565E9 
1.811462813E9 
2.571678858E9 
1.70083493E9 
2.61760911E9 
2.584984581E9 
1.724121845E9 
2.609636116E9 
2.157776307E9 
2.577847617E9 
2.489920268E9 
1.456334373E9 
1.772956616E9 
2.578186764E9 
1.435091169E9 
1.830455981E9 
1.0980024E9 
2.571214564E9 
2.579822306E9 
1.745471987E9 
2.170722936E9 
2.498395825E9 
1.846143224E9 
1.786922053E9 
2.218489513E9 
2.52890519E9 
1.087274277E9 
1.457122128E9 
2.151722014E9 
1.783240633E9 
2.173067886E9 
2.614801988E9 
2.616554822E9 
2.21737987E9 
2.170161975E9 
2.548405957E9 
1.100323078E9 
1.823736862E9 
2.615765603E9 
1.028570039E9 
1.799047041E9 
2.112055991E9 
2.524542407E9 
1.057296398E9 
2.526401426E9 
2.203997862E9 
7.23119798E8 
2.584310489E9 
2.546818001E9 
2.193962788E9 
2.495800812E9 
1.846821384E9 
1.454296443E9 
1.822580309E9 
2.187940955E9 
1.806123037E9 
2.619630799E9 
2.154769658E9 
2.555383646E9 
2.540437301E9 
2.227075218E9 
2.583273521E9 
2.586631752E9 
2.15135565E9 
1.798113696E9 
2.58227936E9 
2.605277699E9 
1.811447351E9 
2.584984581E9 
2.578797842E9 
2.604744363E9 
2.618251509E9 
1.774519876E9 
1.36929441E9 
2.214965779E9 
2.192259106E9 
2.613031866E9 
1.787923479E9 
2.145953673E9 
2.154958936E9 
1.450797186E9 
2.605113972E9 
2.542612248E9 
2.112055991E9 
2.423933154E9 
2.18756261E9 
2.546585011E9 
2.184155854E9 
1.823078989E9 
1.449472339E9 
2.585389832E9 
1.443081376E9 
2.589502142E9 
2.214827657E9 
1.855894307E9 
2.495800812E9 
2.57921466E9 
1.741785689E9 
2.516990197E9 
2.576691455E9 
2.558019949E9 
1.782352753E9 
7.42203365E8 
2.583939799E9 
1.486083701E9 
2.198380878E9 
2.608462249E9 
2.150695591E9 
1.100008777E9 
2.472933882E9 
2.229002905E9 
2.567470305E9 
2.205496802E9 
1.072345711E9 
2.572944943E9 
1.443487408E9 
1.669712099E9 
2.23266986E9 
1.829341052E9 
2.552265674E9 
2.615467114E9 
2.497328656E9 
1.098728373E9 
1.423247513E9 
2.592508928E9 
2.549952583E9 
2.523973601E9 
1.094864173E9 
2.578557696E9 
1.112147783E9 
2.585329099E9 
2.574533469E9 
2.600979199E9 
1.857057334E9 
2.525612766E9 
2.608624671E9 
2.605411325E9 
2.219488675E9 
1.410912836E9 
1.820353891E9 
2.574450778E9 
2.221363934E9 
2.195901227E9 
2.601806779E9 
1.838139542E9 
2.540094474E9 
2.446958942E9 
1.468646169E9 
1.458617691E9 
1.113210967E9 
2.619466555E9 
2.588997574E9 
2.532447451E9 
1.430736712E9 
2.196178963E9 
2.180791639E9 
2.456132411E9 
2.178156083E9 
2.223164392E9 
1.769298589E9 
2.154958936E9 
2.127449498E9 
2.579831058E9 
1.470844695E9 
2.208243446E9 
2.131265976E9 
2.556511654E9 
1.455759822E9 
1.115589627E9 
1.691444793E9 
2.610170624E9 
1.828753594E9 
2.553229722E9 
2.608346695E9 
2.567427622E9 
1.835180538E9 
1.467593479E9 
2.605096053E9 
2.137555334E9 
2.612056997E9 
2.556253729E9 
2.22336712E9 
2.609297051E9 
1.809504168E9 
2.581612302E9 
2.141115388E9 
1.825713368E9 
1.841931091E9 
2.583095604E9 
2.609092364E9 
1.849699797E9 
2.20139706E9 
2.607987374E9 
1.428313086E9 
2.620449336E9 
1.085743325E9 
2.494925925E9 
2.228685329E9 
2.214695627E9 
2.588035363E9 
1.465088999E9 
2.537485498E9 
2.173704033E9 
1.46521517E9 
1.711946081E9 
1.467418881E9 
2.476865127E9 
2.608505926E9 
1.843159324E9 
2.200026253E9 
2.587960274E9 
2.615548491E9 
1.834034525E9 
2.501319399E9 
2.583347186E9 
2.581171801E9 
1.854351795E9 
2.586005537E9 
2.524734812E9 
1.823373616E9 
2.580041039E9 
2.21737987E9 
2.546300846E9 
2.217806117E9 
2.195355036E9 
2.107897284E9 
2.579273988E9 
2.614108512E9 
2.550312707E9 
2.616905488E9 
2.546838051E9 
1.827944848E9 
2.213951772E9 
2.551591751E9 
1.850302906E9 
1.785789412E9 
2.614061964E9 
2.196991052E9 
1.815265094E9 
1.858488463E9 
2.544725689E9 
2.227092952E9 
1.8232065E9 
2.524381691E9 
2.180447478E9 
2.547062684E9 
2.575286414E9 
2.112055991E9 
1.851852152E9 
1.753560104E9 
2.577389384E9 
1.457049045E9 
1.080288309E9 
2.611103604E9 
2.214790863E9 
2.588192003E9 
1.400622851E9 
1.842305114E9 
1.025546833E9 
2.611812859E9 
2.480086589E9 
1.838354653E9 
2.549145485E9 
2.159968858E9 
1.828571709E9 
2.151480739E9 
2.611704961E9 
2.554851519E9 
2.549938757E9 
2.154503821E9 
2.611291745E9 
2.607581652E9 
1.097943873E9 
1.482100225E9 
2.54391345E9 
1.827094869E9 
2.617677987E9 
2.228352624E9 
1.464257984E9 
2.231378092E9 
1.823737716E9 
2.226435018E9 
2.184434318E9 
2.54850324E9 
2.227052568E9 
2.585801922E9 
1.743482137E9 
2.566115029E9 
2.182647077E9 
2.612360368E9 
1.846038581E9 
2.606244663E9 
2.589373783E9 
2.586842471E9 
2.611985317E9 
2.171781187E9 
2.195834182E9 
2.228421045E9 
2.10154986E9 
2.196972043E9 
2.452542466E9 
2.226572428E9 
2.605643702E9 
1.82227858E9 
1.413598387E9 
1.728534658E9 
1.769424452E9 
2.196270204E9 
1.855370632E9 
2.199089952E9 
2.167995704E9 
1.080455631E9 
2.615497768E9 
2.612617562E9 
2.611644674E9 
1.45273055E9 
1.836103013E9 
1.842598889E9 
1.84972973E9 
2.575035937E9 
2.228186659E9 
2.604824904E9 
1.45021095E9 
1.462729904E9 
1.835955501E9 
2.200036994E9 
1.79737332E9 
1.411089283E9 
2.609747118E9 
2.577831364E9 
2.553179274E9 
1.847046007E9 
2.607043895E9 
1.796089491E9 
2.583840767E9 
1.809238943E9 
2.585933414E9 
2.209716E9 
2.580005952E9 
1.098877461E9 
2.557577293E9 
2.223093547E9 
2.501341162E9 
2.229076454E9 
1.799401505E9 
1.77952732E9 
2.164604523E9 
2.605034924E9 
1.481519891E9 
2.572216519E9 
1.469700671E9 
2.545192801E9 
2.526378597E9 
2.195737786E9 
2.605113972E9 
2.163196545E9 
1.453302533E9 
1.027174064E9 
2.565291081E9 
2.610170916E9 
2.558415619E9 
7.41015244E8 
2.216429076E9 
1.807784397E9 
2.129578963E9 
1.790732761E9 
2.138642053E9 
2.547757441E9 
2.55249341E9 
2.170457451E9 
2.185973344E9 
1.073458092E9 
1.8537766E9 
1.654388457E9 
1.820447672E9 
2.527506336E9 
2.60513039E9 
2.60735172E9 
1.82132308E9 
2.136777024E9 
1.787786849E9 
1.776973974E9 
2.543250617E9 
2.193702274E9 
2.579150889E9 
2.616894924E9 
1.46094604E9 
2.155022218E9 
2.556655061E9 
2.201481536E9 
1.399945107E9 
2.612056997E9 
2.609877808E9 
2.613144998E9 
2.211394641E9 
2.233256986E9 
1.847220839E9 
1.841216978E9 
2.190568912E9 
1.480808249E9 
2.614526444E9 
2.187940955E9 
1.437027046E9 
1.77883859E9 
2.180661794E9 
2.537021026E9 
1.857057334E9 
2.175831232E9 
2.192248366E9 
2.220918243E9 
2.5207836E9 
2.58435965E9 
2.602542702E9 
2.573770158E9 
2.611956954E9 
