2.616062935E9 
2.61756282E9 
2.606510679E9 
2.579130307E9 
2.611000643E9 
2.600338775E9 
2.525735215E9 
2.567227214E9 
2.555559684E9 
2.584964031E9 
2.602628072E9 
2.560556893E9 
2.554010623E9 
2.549733662E9 
2.587006669E9 
2.607231526E9 
2.583107453E9 
2.583654082E9 
2.609994782E9 
1.792389616E9 
2.554937385E9 
2.168549664E9 
2.571043225E9 
2.589446429E9 
2.551361426E9 
2.526100634E9 
2.186670307E9 
2.616443189E9 
2.607424697E9 
2.608849943E9 
2.617033572E9 
2.545867545E9 
2.580833056E9 
2.550990975E9 
2.521796223E9 
2.55028838E9 
2.614984386E9 
2.612851284E9 
2.558833466E9 
1.829982671E9 
2.611363176E9 
2.615874171E9 
2.549216977E9 
2.130484096E9 
2.61299505E9 
2.552720544E9 
2.607471217E9 
2.550429906E9 
2.614106058E9 
2.549449069E9 
2.608612298E9 
2.581212468E9 
2.614838993E9 
2.517897222E9 
2.554972009E9 
2.572662216E9 
2.580120201E9 
2.503314973E9 
2.528372593E9 
2.584439514E9 
1.843587246E9 
2.618213046E9 
2.617967981E9 
2.542990401E9 
2.522145188E9 
2.450493388E9 
2.540895751E9 
2.548150589E9 
2.533818387E9 
2.584239384E9 
2.553513919E9 
2.615215654E9 
2.577699475E9 
2.607835635E9 
2.495287623E9 
2.537007654E9 
2.522318652E9 
2.198820476E9 
2.511248004E9 
2.614121854E9 
2.616089443E9 
2.614059967E9 
2.176128774E9 
2.617536903E9 
2.616658488E9 
2.552566088E9 
2.58789352E9 
2.568385527E9 
2.615508223E9 
2.195722701E9 
2.571939507E9 
2.573779218E9 
2.596467432E9 
2.615375334E9 
2.611936089E9 
2.615508223E9 
2.616919337E9 
2.184495751E9 
2.579932785E9 
2.611114488E9 
2.543695961E9 
2.497867284E9 
2.513230347E9 
2.230844986E9 
2.555842068E9 
2.550662498E9 
2.616634399E9 
2.606812127E9 
2.539811808E9 
1.833604021E9 
2.573808119E9 
2.504913659E9 
2.584815671E9 
2.547243623E9 
2.583938613E9 
2.220121394E9 
2.129002581E9 
2.618102233E9 
2.518490869E9 
2.601978781E9 
2.615180438E9 
2.569556451E9 
2.612168563E9 
2.232201924E9 
2.607372086E9 
2.615100384E9 
2.544875319E9 
2.615424331E9 
2.539991997E9 
2.609368767E9 
2.607758197E9 
2.613579366E9 
2.544254819E9 
2.605155613E9 
2.524095382E9 
1.844783216E9 
2.578347732E9 
2.60554163E9 
2.594987685E9 
2.524904166E9 
2.543115581E9 
2.490597528E9 
2.617058859E9 
2.155859973E9 
2.618199528E9 
2.616157464E9 
2.471606486E9 
1.462739753E9 
2.583121446E9 
2.515776371E9 
2.585502371E9 
2.502357618E9 
2.609203809E9 
2.587531497E9 
2.609956934E9 
2.548285729E9 
2.133309475E9 
2.611367523E9 
2.558360439E9 
2.583583179E9 
2.614423324E9 
2.608527865E9 
2.155016972E9 
2.554593268E9 
2.611012311E9 
2.17245439E9 
2.502305157E9 
2.611733247E9 
2.540134501E9 
2.588816755E9 
2.569009436E9 
2.584349338E9 
2.605505005E9 
2.223690656E9 
2.609453878E9 
2.573130723E9 
2.505693403E9 
2.583897293E9 
2.570320444E9 
2.52392177E9 
2.58248021E9 
2.60517751E9 
2.541698561E9 
2.581433241E9 
2.614701E9 
2.536600131E9 
2.586876755E9 
2.5837883E9 
2.547243623E9 
2.508126619E9 
2.556822751E9 
2.556246153E9 
2.524985681E9 
2.224177013E9 
2.583938613E9 
2.500787677E9 
2.596359284E9 
2.616644673E9 
2.484846691E9 
2.579729727E9 
2.216102882E9 
2.536147535E9 
2.212944117E9 
2.582317267E9 
2.615053543E9 
2.548042688E9 
2.578032596E9 
2.613020955E9 
2.180701174E9 
2.217782042E9 
2.585378709E9 
2.612223274E9 
2.604832818E9 
2.553563276E9 
2.547600424E9 
2.52126378E9 
2.522871343E9 
2.62076152E9 
2.558333832E9 
2.613099102E9 
2.617366769E9 
2.606264521E9 
2.227386907E9 
2.202280794E9 
2.434051817E9 
2.578496985E9 
2.617421636E9 
2.514150024E9 
2.608970139E9 
2.54229959E9 
2.555251649E9 
2.603140918E9 
2.213517853E9 
2.614177457E9 
2.143001072E9 
2.50148002E9 
2.174882865E9 
2.619377216E9 
2.581989925E9 
2.585055557E9 
2.230487234E9 
2.603531744E9 
2.615494259E9 
2.106994023E9 
2.19750432E9 
2.609984343E9 
2.547209453E9 
2.581368877E9 
2.573674939E9 
2.220996355E9 
2.61153515E9 
2.581870065E9 
2.587017718E9 
2.580913412E9 
2.587669411E9 
2.612745385E9 
2.127064709E9 
2.193677644E9 
2.609908181E9 
2.585378709E9 
2.615685489E9 
2.601621873E9 
2.584430435E9 
2.555861543E9 
2.61343609E9 
2.490660836E9 
2.574284871E9 
2.535778862E9 
2.195330903E9 
2.218954576E9 
2.545867545E9 
2.546225449E9 
1.838823203E9 
2.521926612E9 
2.587363387E9 
2.587131112E9 
2.406748881E9 
2.53963907E9 
2.223896E9 
2.578012191E9 
2.576713124E9 
2.614264852E9 
2.603133843E9 
2.50460227E9 
2.615821215E9 
2.216102882E9 
2.579130307E9 
2.609597806E9 
1.820754027E9 
2.582711629E9 
2.574220594E9 
2.613869613E9 
2.575481948E9 
2.6185537E9 
2.525702094E9 
2.581434573E9 
2.611502322E9 
2.61256943E9 
1.81367742E9 
2.50175147E9 
2.521243769E9 
2.214190822E9 
2.611487917E9 
2.519311073E9 
2.615681906E9 
2.600428108E9 
2.615448477E9 
2.610211539E9 
2.496981228E9 
2.58843765E9 
2.603025384E9 
2.609568179E9 
2.104519991E9 
2.604265234E9 
2.611487917E9 
2.564247428E9 
2.219359365E9 
2.562459011E9 
2.61960955E9 
2.514357216E9 
2.611596231E9 
2.554345318E9 
2.192315152E9 
2.61725606E9 
2.212946136E9 
2.588286442E9 
2.579503065E9 
2.111119528E9 
7.44320834E8 
2.574461408E9 
2.598273854E9 
2.537025624E9 
2.616062935E9 
2.547284887E9 
2.578516745E9 
2.569858102E9 
2.579552876E9 
2.584606771E9 
2.613342705E9 
2.618033927E9 
2.576801558E9 
2.613431257E9 
2.579477799E9 
2.613341975E9 
2.575121093E9 
2.608265046E9 
2.617938037E9 
2.571674158E9 
2.615801466E9 
2.613741047E9 
2.585422107E9 
2.580459642E9 
2.182185508E9 
2.616117015E9 
2.614059967E9 
1.830825183E9 
2.151869147E9 
2.607559726E9 
2.475530396E9 
2.54607845E9 
2.200537297E9 
2.551102643E9 
2.61630831E9 
2.606246231E9 
2.154704118E9 
2.557741625E9 
2.564930107E9 
2.578276632E9 
2.602452232E9 
2.470917682E9 
2.226595773E9 
2.583055546E9 
2.619518502E9 
2.518654588E9 
2.58624769E9 
2.52478112E9 
2.576542793E9 
2.57243636E9 
2.578127161E9 
2.581321594E9 
2.52839558E9 
2.569588051E9 
2.582797777E9 
2.61046551E9 
2.584534931E9 
2.582218511E9 
2.573614251E9 
2.461920731E9 
2.615644628E9 
2.586578726E9 
2.577630348E9 
2.584472925E9 
2.469190711E9 
2.547079768E9 
2.526416533E9 
2.615508979E9 
2.589601335E9 
2.151869147E9 
2.587416429E9 
2.609462252E9 
2.605925215E9 
2.415648087E9 
2.583621549E9 
2.521909373E9 
2.161375987E9 
2.213831209E9 
2.579461559E9 
2.573270455E9 
2.583947586E9 
2.582312049E9 
2.550061372E9 
2.18347871E9 
2.539844656E9 
2.585024389E9 
2.589283442E9 
2.60642765E9 
2.544866029E9 
2.583611439E9 
2.577037428E9 
2.543425924E9 
2.193407477E9 
2.539991997E9 
2.576416558E9 
1.482886031E9 
2.615445843E9 
2.198567841E9 
2.495582535E9 
2.612056279E9 
2.578379224E9 
2.525257579E9 
2.61159902E9 
2.60521236E9 
2.617927605E9 
2.584010727E9 
2.585180484E9 
2.563338082E9 
2.61210915E9 
2.583730956E9 
2.614949589E9 
2.615908169E9 
2.52478112E9 
2.562661644E9 
2.617647785E9 
2.615237783E9 
2.620896477E9 
2.6194376E9 
2.538262766E9 
2.176691631E9 
2.58240699E9 
2.577211736E9 
2.588063923E9 
2.554229712E9 
2.187556293E9 
2.528976519E9 
2.571969596E9 
2.611995542E9 
2.157735161E9 
2.171468464E9 
2.54138862E9 
2.550166124E9 
2.583898785E9 
2.614482335E9 
2.582874676E9 
2.60535023E9 
2.617881403E9 
2.556810943E9 
2.584018337E9 
2.167623603E9 
2.418457286E9 
2.61630831E9 
2.489886849E9 
2.557401481E9 
2.586856365E9 
2.159599116E9 
2.556810943E9 
2.518261364E9 
2.17321515E9 
2.171562585E9 
2.516932115E9 
2.583653637E9 
2.61742305E9 
2.618661559E9 
2.607853987E9 
2.613162686E9 
2.59903724E9 
2.585715372E9 
2.550968101E9 
2.57256443E9 
2.582106805E9 
2.233297281E9 
2.58420635E9 
2.223163239E9 
2.578508897E9 
2.181784389E9 
2.615306795E9 
1.820809834E9 
2.614373187E9 
2.545717734E9 
2.583212431E9 
2.542893243E9 
